2732017
1
132
128
2
17
46
88
65
130
118
170
145
23
52
4
30
120
108
96
74
27
141
11
129
60
68
98
12
24
114
41
18
45
143
70
111
31
168
156
13
8
102
137
95
139
6
97
22
124
71
69
37
159
3
79
106
84
158
10
82
81
78
9
67
36
144
155
47
29
26
153
116
162
90
148
126
92
89
135
48
80
49
32
38
161
157
149
166
109
15
63
85
115
44
133
54
75
167
164
87
57
122
40
39
150
91
107
62
83
125
140
104
119
55
146
53
154
28
152
35
113
117
16
169
58
110
14
42
142
86
165
72
99
66
136
112
127
64
33
73
61
76
5
34
163
100
147
7
121
25
131
21
151
93
50
94
103
105
160
134
123
51
59
56
77
43
101
19
20
138
