96
   98    4
   57    6
   32    8
   69   14
  250   17
   53   20
   25   22
   58   29
  236   30
   92   35
  103   39
   39   40
  139   41
    2   44
   44   46
   46   48
  255   49
   65   52
    9   55
   55   56
   50   59
   59   62
   84   63
   63   66
   66   67
   72   68
   68   75
  101   76
  247   79
   79   81
  137   82
   23   89
   89   90
   90   94
   15  100
   99  104
  104  105
  243  108
  212  112
  127  115
    5  120
  120  122
   74  123
  123  124
    3  128
  221  130
  161  132
  132  134
  248  136
   19  138
  138  141
  141  143
  143  148
  240  150
  150  156
  156  157
  157  158
    7  162
  162  163
  249  164
  164  166
  166  168
  168  169
   78  173
  113  175
  175  177
  177  180
  180  182
   96  183
  219  188
  244  189
  246  191
  197  194
  194  196
  196  198
   87  200
  200  202
   38  203
  225  209
  209  211
  211  213
   42  216
   83  217
  217  218
  218  229
  229  230
  230  233
  233  234
  193  235
  235  238
   26  241
   77  245
  245  251
  251  252
  232  254
  254    1
