100
  127    2
  220    6
  222    8
    3    9
   48   10
  134   12
   12   18
  168   22
  192   25
  194   26
   26   27
  210   28
   38   32
  172   34
  126   36
   36   42
   60   47
  237   56
   56   59
  208   63
  252   67
   99   68
   68   70
   70   74
  161   76
   76   79
   49   81
  212   89
   72   92
  233   94
  154   97
  175   98
  122  100
    5  101
  101  103
  103  104
  182  105
  147  108
  108  110
  110  113
  225  114
  116  115
  115  117
  117  120
  187  121
  121  123
   53  125
   84  128
  201  131
  148  132
  156  135
  235  137
  185  140
  140  141
  141  143
  229  146
  254  149
  111  151
   62  153
   39  158
  158  163
  163  164
  164  165
  165  167
  167  171
  171  174
  174  178
  107  179
  119  188
  176  189
  189  191
  191  195
  195  197
  124  198
  150  203
  203  204
  204  205
  241  209
   16  213
  213  214
  214  215
  215  217
  217  218
  218  223
   41  226
  240  231
  231  232
  232  234
  234  236
  236  238
  238  242
  242  243
  243  244
  244  245
  228  248
  248  249
  249  250
  250  251
  251    7
  193    1
