84
    7    4
   63    6
    9   13
   13   26
  242   29
  229   32
   27   35
  178   36
  166   37
  241   38
  184   43
  249   44
   11   47
  170   48
   48   50
  101   61
  153   64
   64   67
   70   72
   95   79
  208   80
   80   83
  110   84
   84   87
  196   89
   86   90
   33   94
   73   98
   97   99
   62  112
  135  113
  217  117
  222  118
  118  120
  107  123
  123  124
  124  127
  175  128
  181  129
  174  130
   23  131
  131  133
  191  138
  138  140
  149  141
  104  142
  252  143
  122  150
  150  152
  201  155
  155  156
   24  157
   10  159
  146  161
  205  163
  163  164
  225  168
  168  171
  121  177
  177  179
  100  182
  119  185
  185  189
  189  190
  195  193
  193  200
  200  202
  132  209
  209  210
  210  212
  212  216
  106  219
   40  223
  223  224
  224  228
  228  231
   51  233
  233  235
  235  237
  237  238
  105  239
  221  244
  244  245
  245    1
