91
  245    2
   21    3
    3    4
  216    5
  244   22
  144   23
  209   24
  151   27
   86   29
   29   30
  137   32
   32   33
   41   38
   80   50
  214   52
   74   56
  172   59
  171   60
   10   61
  194   63
   63   64
  113   69
   69   70
  221   72
   71   79
   46   82
   92   85
  169   87
   87   88
  176  100
  125  101
  101  102
  236  104
  145  108
  108  110
  110  112
  112  115
   77  119
  170  123
  186  126
  126  127
  111  128
  128  129
  129  132
  199  134
  212  135
  135  142
  142  143
  143  147
  204  148
   36  149
  149  152
   53  153
  153  154
   44  158
  158  159
  191  162
  133  168
  168  173
  173  174
  174  175
    9  177
  107  178
  138  182
   45  184
  184  189
   66  193
  193  195
  195  196
  196  197
  197  198
   67  200
  200  203
   19  205
   96  207
  207  210
  166  222
   81  232
  120  235
  235  237
  237  238
   68  239
  208  242
  242  243
  243  246
  246  247
  247  250
  250  252
  252  254
   31  255
  255    1
