102
  114    9
  120   11
   53   15
  122   19
   40   22
   98   25
  234   26
  102   28
   28   29
   29   32
  130   35
  209   39
  184   42
   42   46
   46   48
   48   51
  115   52
   93   56
  132   59
   59   62
    8   64
  166   65
   65   66
   38   67
   67   74
   74   75
   75   77
  179   83
  146   84
   84   87
    6   90
    7   91
   91   94
   94   95
   69   97
  104   99
  127  103
  103  107
  107  109
  195  117
   92  118
  118  121
  121  124
  124  128
  128  129
  161  131
   78  133
  133  134
  134  135
  187  139
  101  141
  141  142
  111  143
  143  144
  144  145
  145  147
  147  148
  148  149
  163  151
  151  157
   23  160
  160  164
  164  167
  248  168
  168  169
  169  171
  185  172
   82  173
  173  174
  174  175
   24  177
  250  181
  217  183
  207  186
  186  193
  193  196
  196  197
  197  198
  198  201
  201  203
  203  205
  205  208
  191  212
  212  213
  202  215
   36  216
  216  219
  233  221
  221  222
   55  225
  178  226
  226  228
  228  230
  210  232
  232  237
  237  241
  112  242
  242  244
   10  246
  246  249
  249  253
  106    2
