[Header]
Signature=VISE
Version=0001
RemoveInUseFiles=1
RegistryKeyName=Specialized School-book in Computer Science
Product Name=Specialized School-book in Computer Science
[WinNT]
AdminPrivileges=1
[Directories2]
0=c:\my documents
count=17
1=c:\my documents\cong hiep
2=c:\my documents\cong hiep\informatics
3=c:\my documents\cong hiep\informatics\science
4=c:\my documents\cong hiep\informatics\science\cd1
5=c:\my documents\cong hiep\informatics\science\cd2
6=c:\my documents\cong hiep\informatics\science\cd2\Sort32
7=c:\my documents\cong hiep\informatics\science\cd3
8=c:\my documents\cong hiep\informatics\science\cd4
9=c:\my documents\cong hiep\informatics\science\references
10=c:\my documents\cong hiep\informatics\science\SourceDoc
11=c:\my documents\cong hiep\informatics\science\SourceDoc\Figures
12=C:\Documents and Settings
13=C:\Documents and Settings\All Users.WINDOWS
14=C:\Documents and Settings\All Users.WINDOWS\Start Menu
15=C:\Documents and Settings\All Users.WINDOWS\Start Menu\Programs
16=C:\Documents and Settings\All Users.WINDOWS\Start Menu\Programs\DHSPHN
[Files]
count=199
0=c:\my documents\cong hiep\informatics\science\cd1\p_1_02_1.pas
1=c:\my documents\cong hiep\informatics\science\cd1\p_1_02_2.pas
2=c:\my documents\cong hiep\informatics\science\cd1\p_1_02_3.pas
3=c:\my documents\cong hiep\informatics\science\cd1\p_1_03_1.pas
4=c:\my documents\cong hiep\informatics\science\cd1\p_1_03_2.pas
5=c:\my documents\cong hiep\informatics\science\cd1\p_1_03_3.pas
6=c:\my documents\cong hiep\informatics\science\cd1\p_1_03_4.pas
7=c:\my documents\cong hiep\informatics\science\cd1\p_1_03_5.pas
8=c:\my documents\cong hiep\informatics\science\cd1\p_1_04_1.pas
9=c:\my documents\cong hiep\informatics\science\cd1\p_1_04_2.pas
10=c:\my documents\cong hiep\informatics\science\cd2\p_2_07_1.pas
11=c:\my documents\cong hiep\informatics\science\cd2\p_2_07_2.pas
12=c:\my documents\cong hiep\informatics\science\cd2\P_2_08_1.PAS
13=c:\my documents\cong hiep\informatics\science\cd2\Sort32\CtrlCreate.pas
14=c:\my documents\cong hiep\informatics\science\cd2\Sort32\FormTitleBars.dcr
15=c:\my documents\cong hiep\informatics\science\cd2\Sort32\FormTitleBars.pas
16=c:\my documents\cong hiep\informatics\science\cd2\Sort32\FormTitleBars.res
17=c:\my documents\cong hiep\informatics\science\cd2\Sort32\FUtils.pas
18=c:\my documents\cong hiep\informatics\science\cd2\Sort32\handcur.res
19=c:\my documents\cong hiep\informatics\science\cd2\Sort32\hgeneral.pas
20=c:\my documents\cong hiep\informatics\science\cd2\Sort32\HSCtls.dcr
21=c:\my documents\cong hiep\informatics\science\cd2\Sort32\HSCtls.pas
22=c:\my documents\cong hiep\informatics\science\cd2\Sort32\main1u.dfm
23=c:\my documents\cong hiep\informatics\science\cd2\Sort32\main1u.pas
24=c:\my documents\cong hiep\informatics\science\cd2\Sort32\MyConst.pas
25=c:\my documents\cong hiep\informatics\science\cd2\Sort32\MyCtrls.pas
26=c:\my documents\cong hiep\informatics\science\cd2\Sort32\NewBtns.dcr
27=c:\my documents\cong hiep\informatics\science\cd2\Sort32\NewBtns.pas
28=c:\my documents\cong hiep\informatics\science\cd2\Sort32\NewExtCtrls.dcr
29=c:\my documents\cong hiep\informatics\science\cd2\Sort32\NewExtCtrls.pas
30=c:\my documents\cong hiep\informatics\science\cd2\Sort32\NewStdctrls.dcr
31=c:\my documents\cong hiep\informatics\science\cd2\Sort32\NewStdCtrls.pas
32=c:\my documents\cong hiep\informatics\science\cd2\Sort32\RInputU.dfm
33=c:\my documents\cong hiep\informatics\science\cd2\Sort32\RInputU.pas
34=c:\my documents\cong hiep\informatics\science\cd2\Sort32\Sort.ico
35=c:\my documents\cong hiep\informatics\science\cd2\Sort32\sorta.pas
36=c:\my documents\cong hiep\informatics\science\cd2\Sort32\sortdemo.dpr
37=c:\my documents\cong hiep\informatics\science\cd2\Sort32\sortdemo.res
38=c:\my documents\cong hiep\informatics\science\cd2\Sort32\ThemeApply.dcr
39=c:\my documents\cong hiep\informatics\science\cd2\Sort32\ThemeApply.pas
40=c:\my documents\cong hiep\informatics\science\cd2\testsort.pas
41=c:\my documents\cong hiep\informatics\science\cd3\p_3_01_1.pas
42=c:\my documents\cong hiep\informatics\science\cd3\p_3_01_2.pas
43=c:\my documents\cong hiep\informatics\science\cd3\p_3_01_3.pas
44=c:\my documents\cong hiep\informatics\science\cd3\p_3_01_4.pas
45=c:\my documents\cong hiep\informatics\science\cd3\p_3_01_5.pas
46=c:\my documents\cong hiep\informatics\science\cd3\p_3_01_6.pas
47=c:\my documents\cong hiep\informatics\science\cd3\p_3_03_1.pas
48=c:\my documents\cong hiep\informatics\science\cd3\p_3_03_2.pas
49=c:\my documents\cong hiep\informatics\science\cd3\p_3_03_3.pas
50=c:\my documents\cong hiep\informatics\science\cd3\p_3_03_4.pas
51=c:\my documents\cong hiep\informatics\science\cd3\p_3_03_5.pas
52=c:\my documents\cong hiep\informatics\science\cd3\p_3_03_6.pas
53=c:\my documents\cong hiep\informatics\science\cd3\p_3_03_7.pas
54=c:\my documents\cong hiep\informatics\science\cd4\p_4_03_1.pas
55=c:\my documents\cong hiep\informatics\science\cd4\p_4_03_2.pas
56=c:\my documents\cong hiep\informatics\science\cd4\p_4_03_3.pas
57=c:\my documents\cong hiep\informatics\science\cd4\p_4_03_4.pas
58=c:\my documents\cong hiep\informatics\science\cd4\p_4_03_5.pas
59=c:\my documents\cong hiep\informatics\science\cd4\p_4_04_1.pas
60=c:\my documents\cong hiep\informatics\science\cd4\p_4_04_2.pas
61=c:\my documents\cong hiep\informatics\science\cd4\p_4_05_1.pas
62=c:\my documents\cong hiep\informatics\science\cd4\p_4_05_2.pas
63=c:\my documents\cong hiep\informatics\science\cd4\p_4_06_1.pas
64=c:\my documents\cong hiep\informatics\science\cd4\p_4_06_2.pas
65=c:\my documents\cong hiep\informatics\science\cd4\p_4_07_1.pas
66=c:\my documents\cong hiep\informatics\science\cd4\p_4_08_1.pas
67=c:\my documents\cong hiep\informatics\science\cd4\p_4_08_2.pas
68=c:\my documents\cong hiep\informatics\science\cd4\p_4_08_3.pas
69=c:\my documents\cong hiep\informatics\science\cd4\p_4_08_4.pas
70=c:\my documents\cong hiep\informatics\science\cd4\p_4_08_5.pas
71=c:\my documents\cong hiep\informatics\science\cd4\p_4_09_1.pas
72=c:\my documents\cong hiep\informatics\science\cd4\p_4_09_2.pas
73=c:\my documents\cong hiep\informatics\science\cd4\p_4_10_1.pas
74=c:\my documents\cong hiep\informatics\science\cd4\p_4_10_2.pas
75=c:\my documents\cong hiep\informatics\science\cd4\p_4_11_1.pas
76=c:\my documents\cong hiep\informatics\science\cd4\p_4_12_1.pas
77=c:\my documents\cong hiep\informatics\science\cd4\p_4_12_2.pas
78=c:\my documents\cong hiep\informatics\science\cd4\p_4_13_1.pas
79=c:\my documents\cong hiep\informatics\science\references\A Genetic Algorithm Tutorial.pdf
80=c:\my documents\cong hiep\informatics\science\references\Advanced_Algorithms.pdf
81=c:\my documents\cong hiep\informatics\science\references\Algorithms_Dave_Mount.pdf
82=c:\my documents\cong hiep\informatics\science\references\Algorithms_lecture.pdf
83=c:\my documents\cong hiep\informatics\science\references\Algorithms_Robert_Sedgewick.pdf
84=c:\my documents\cong hiep\informatics\science\references\Complexity_Theory.pdf
85=c:\my documents\cong hiep\informatics\science\references\Design_and_Analysis_of_Computer_Algorithms.pdf
86=c:\my documents\cong hiep\informatics\science\references\Discrete_Math_Optimization.pdf
87=c:\my documents\cong hiep\informatics\science\references\Exact_string_matching_algorithms.pdf
88=c:\my documents\cong hiep\informatics\science\references\Graph Theory.pdf
89=c:\my documents\cong hiep\informatics\science\references\Graph_Algorithms.pdf
90=c:\my documents\cong hiep\informatics\science\references\Graph_Theory_and_Application.pdf
91=c:\my documents\cong hiep\informatics\science\references\Graph_Theory_and_Information_Technology.pdf
92=c:\my documents\cong hiep\informatics\science\references\Graph_Theory_presentation.pdf
93=c:\my documents\cong hiep\informatics\science\references\Perfect_matching_in_general_graph.pdf
94=c:\my documents\cong hiep\informatics\science\references\Problems_on_Algorithms.pdf
95=c:\my documents\cong hiep\informatics\science\SourceDoc\book.doc
96=c:\my documents\cong hiep\informatics\science\SourceDoc\Figures\001.emf
97=c:\my documents\cong hiep\informatics\science\SourceDoc\Figures\002.emf
98=c:\my documents\cong hiep\informatics\science\SourceDoc\Figures\003.emf
99=c:\my documents\cong hiep\informatics\science\SourceDoc\Figures\004.emf
100=c:\my documents\cong hiep\informatics\science\SourceDoc\Figures\005.emf
101=c:\my documents\cong hiep\informatics\science\SourceDoc\Figures\006.emf
102=c:\my documents\cong hiep\informatics\science\SourceDoc\Figures\007.emf
103=c:\my documents\cong hiep\informatics\science\SourceDoc\Figures\008.emf
104=c:\my documents\cong hiep\informatics\science\SourceDoc\Figures\009.emf
105=c:\my documents\cong hiep\informatics\science\SourceDoc\Figures\010.emf
106=c:\my documents\cong hiep\informatics\science\SourceDoc\Figures\011.emf
107=c:\my documents\cong hiep\informatics\science\SourceDoc\Figures\012.emf
108=c:\my documents\cong hiep\informatics\science\SourceDoc\Figures\013.emf
109=c:\my documents\cong hiep\informatics\science\SourceDoc\Figures\014.emf
110=c:\my documents\cong hiep\informatics\science\SourceDoc\Figures\015.emf
111=c:\my documents\cong hiep\informatics\science\SourceDoc\Figures\016.emf
112=c:\my documents\cong hiep\informatics\science\SourceDoc\Figures\017.emf
113=c:\my documents\cong hiep\informatics\science\SourceDoc\Figures\018.emf
114=c:\my documents\cong hiep\informatics\science\SourceDoc\Figures\019.emf
115=c:\my documents\cong hiep\informatics\science\SourceDoc\Figures\020.emf
116=c:\my documents\cong hiep\informatics\science\SourceDoc\Figures\021.emf
117=c:\my documents\cong hiep\informatics\science\SourceDoc\Figures\022.emf
118=c:\my documents\cong hiep\informatics\science\SourceDoc\Figures\023.emf
119=c:\my documents\cong hiep\informatics\science\SourceDoc\Figures\024.emf
120=c:\my documents\cong hiep\informatics\science\SourceDoc\Figures\025.emf
121=c:\my documents\cong hiep\informatics\science\SourceDoc\Figures\026.emf
122=c:\my documents\cong hiep\informatics\science\SourceDoc\Figures\027.emf
123=c:\my documents\cong hiep\informatics\science\SourceDoc\Figures\028.emf
124=c:\my documents\cong hiep\informatics\science\SourceDoc\Figures\029.emf
125=c:\my documents\cong hiep\informatics\science\SourceDoc\Figures\030.emf
126=c:\my documents\cong hiep\informatics\science\SourceDoc\Figures\031.emf
127=c:\my documents\cong hiep\informatics\science\SourceDoc\Figures\032.emf
128=c:\my documents\cong hiep\informatics\science\SourceDoc\Figures\033.emf
129=c:\my documents\cong hiep\informatics\science\SourceDoc\Figures\034.emf
130=c:\my documents\cong hiep\informatics\science\SourceDoc\Figures\035.emf
131=c:\my documents\cong hiep\informatics\science\SourceDoc\Figures\036.png
132=c:\my documents\cong hiep\informatics\science\SourceDoc\Figures\037.emf
133=c:\my documents\cong hiep\informatics\science\SourceDoc\Figures\038.emf
134=c:\my documents\cong hiep\informatics\science\SourceDoc\Figures\039.emf
135=c:\my documents\cong hiep\informatics\science\SourceDoc\Figures\040.emf
136=c:\my documents\cong hiep\informatics\science\SourceDoc\Figures\041.emf
137=c:\my documents\cong hiep\informatics\science\SourceDoc\Figures\042.emf
138=c:\my documents\cong hiep\informatics\science\SourceDoc\Figures\043.emf
139=c:\my documents\cong hiep\informatics\science\SourceDoc\Figures\044.emf
140=c:\my documents\cong hiep\informatics\science\SourceDoc\Figures\045.emf
141=c:\my documents\cong hiep\informatics\science\SourceDoc\Figures\046.emf
142=c:\my documents\cong hiep\informatics\science\SourceDoc\Figures\047.emf
143=c:\my documents\cong hiep\informatics\science\SourceDoc\Figures\048.emf
144=c:\my documents\cong hiep\informatics\science\SourceDoc\Figures\049.emf
145=c:\my documents\cong hiep\informatics\science\SourceDoc\Figures\050.emf
146=c:\my documents\cong hiep\informatics\science\SourceDoc\Figures\051.emf
147=c:\my documents\cong hiep\informatics\science\SourceDoc\Figures\052.emf
148=c:\my documents\cong hiep\informatics\science\SourceDoc\Figures\053.emf
149=c:\my documents\cong hiep\informatics\science\SourceDoc\Figures\054.emf
150=c:\my documents\cong hiep\informatics\science\SourceDoc\Figures\055.emf
151=c:\my documents\cong hiep\informatics\science\SourceDoc\Figures\056.emf
152=c:\my documents\cong hiep\informatics\science\SourceDoc\Figures\057.emf
153=c:\my documents\cong hiep\informatics\science\SourceDoc\Figures\058.emf
154=c:\my documents\cong hiep\informatics\science\SourceDoc\Figures\059.emf
155=c:\my documents\cong hiep\informatics\science\SourceDoc\Figures\060.emf
156=c:\my documents\cong hiep\informatics\science\SourceDoc\Figures\061.emf
157=c:\my documents\cong hiep\informatics\science\SourceDoc\Figures\062.emf
158=c:\my documents\cong hiep\informatics\science\SourceDoc\Figures\063.emf
159=c:\my documents\cong hiep\informatics\science\SourceDoc\Figures\064.emf
160=c:\my documents\cong hiep\informatics\science\SourceDoc\Figures\065.emf
161=c:\my documents\cong hiep\informatics\science\SourceDoc\Figures\066.emf
162=c:\my documents\cong hiep\informatics\science\SourceDoc\Figures\067.emf
163=c:\my documents\cong hiep\informatics\science\SourceDoc\Figures\068.emf
164=c:\my documents\cong hiep\informatics\science\SourceDoc\Figures\069.emf
165=c:\my documents\cong hiep\informatics\science\SourceDoc\Figures\070.emf
166=c:\my documents\cong hiep\informatics\science\SourceDoc\Figures\071.emf
167=c:\my documents\cong hiep\informatics\science\SourceDoc\Figures\072.emf
168=c:\my documents\cong hiep\informatics\science\SourceDoc\Figures\073.emf
169=c:\my documents\cong hiep\informatics\science\SourceDoc\Figures\074.emf
170=c:\my documents\cong hiep\informatics\science\SourceDoc\Figures\075.emf
171=c:\my documents\cong hiep\informatics\science\SourceDoc\Figures\076.emf
172=c:\my documents\cong hiep\informatics\science\SourceDoc\Figures\077.emf
173=c:\my documents\cong hiep\informatics\science\SourceDoc\Figures\078.emf
174=c:\my documents\cong hiep\informatics\science\SourceDoc\Figures\079.emf
175=c:\my documents\cong hiep\informatics\science\SourceDoc\Figures\080.emf
176=c:\my documents\cong hiep\informatics\science\SourceDoc\Figures\081.emf
177=c:\my documents\cong hiep\informatics\science\SourceDoc\Figures\082.emf
178=c:\my documents\cong hiep\informatics\science\SourceDoc\Figures\083.emf
179=c:\my documents\cong hiep\informatics\science\SourceDoc\Figures\084.emf
180=c:\my documents\cong hiep\informatics\science\SourceDoc\Figures\085.emf
181=c:\my documents\cong hiep\informatics\science\SourceDoc\Figures\086.emf
182=c:\my documents\cong hiep\informatics\science\SourceDoc\Figures\087.emf
183=c:\my documents\cong hiep\informatics\science\SourceDoc\Figures\088.emf
184=c:\my documents\cong hiep\informatics\science\SourceDoc\Figures\089.emf
185=c:\my documents\cong hiep\informatics\science\SourceDoc\Figures\090.emf
186=c:\my documents\cong hiep\informatics\science\SourceDoc\Figures\091.emf
187=c:\my documents\cong hiep\informatics\science\SourceDoc\Figures\092.emf
188=c:\my documents\cong hiep\informatics\science\SourceDoc\Figures\a.emf
189=c:\my documents\cong hiep\informatics\science\SourceDoc\Figures\material.ppt
190=c:\my documents\cong hiep\informatics\science\SourceDoc\Figures\Material2.ppt
191=c:\my documents\cong hiep\informatics\science\SourceDoc\Figures\Thumbs.db
192=c:\my documents\cong hiep\informatics\science\SortDemo.exe
193=c:\my documents\cong hiep\informatics\science\book.pdf
194=C:\Documents and Settings\All Users.WINDOWS\Start Menu\Programs\DHSPHN\Specialized school-book in Computer Science.lnk
195=C:\Documents and Settings\All Users.WINDOWS\Start Menu\Programs\DHSPHN\Sorting Algorithms Demo.lnk
196=C:\Documents and Settings\All Users.WINDOWS\Start Menu\Programs\DHSPHN\Browser For Folder.lnk
197=C:\Documents and Settings\All Users.WINDOWS\Start Menu\Programs\DHSPHN\References.lnk
198=C:\Documents and Settings\All Users.WINDOWS\Start Menu\Programs\DHSPHN\Remove.lnk
[Strings]
IDS_STRING1=Are you sure you want to completely remove the selected application and all of its components?
IDS_STRING2=Confirm File Deletion
IDS_STRING3=The system indicates that the following shared file is no longer used by any programs.
IDS_STRING4=Remove Shared File?
IDS_STRING5=Uninstall successfully completed.
IDS_STRING6=Uninstall
IDS_STRING7=If any programs are still using this file and it is removed, those programs may not function. Are you sure you want to remove the shared file?
IDS_STRING8=Uninstall was partially successful.
IDS_ADMINPRIVILEGESNEEDED=Administrative privileges are needed to uninstall this software.
IDS_YES=&Yes
IDS_NO=&No
IDS_YESTOALL=Yes to &All
IDS_REMOVINGFILE=Removing File:
