9 10 39 16 49 20 13 8 54 23 50 29 19 27 42 30 33 35 14 7 26 15 41 46 32 45 48 21 1 51 28 36 4 22 38 17 78 2 25 44 52 43 74 40 81 69 80 62 12 94 84 5 6 3 73 87 34 47 76 18 85 95 90 24 31 92 100 99 11 58 98 89 56 55 93 53 65 63 59 91 37 66 97 88 75 83 57 96 82 61 79 68 60 64 77 86 67 70 72 71
33 18 37 17 24 43 26 28 10 9 38 32 45 44 30 40 51 11 5 12 13 31 36 15 46 6 14 22 23 39 41 34 21 8 55 19 16 4 49 7 20 77 29 80 68 47 27 1 85 50 2 25 64 63 62 81 42 69 53 89 84 93 83 52 100 90 97 48 94 61 92 95 35 67 3 99 57 82 56 65 59 91 58 96 79 88 86 98 54 75 60 76 87 66 78 70 71 74 73 72
17 43 12 21 4 7 14 22 41 24 35 10 42 32 28 47 15 29 20 18 49 33 1 48 50 5 36 52 46 40 45 39 44 9 58 31 19 13 27 84 16 2 37 53 71 81 87 34 75 6 57 86 76 92 30 8 56 77 25 90 51 23 89 55 65 26 96 3 99 97 100 98 64 59 38 93 94 60 61 88 85 83 91 95 11 67 66 54 80 70 62 82 78 63 79 68 69 72 74 73
2 50 52 31 39 14 9 27 11 48 19 44 18 49 16 13 20 24 22 29 7 36 6 8 41 15 21 34 45 25 38 35 3 28 51 33 37 43 40 81 54 79 68 64 4 61 60 5 30 90 32 83 1 17 93 10 96 85 70 23 69 65 84 98 53 86 94 46 42 62 87 57 95 88 56 91 66 26 100 12 71 97 63 55 99 80 47 67 72 89 82 58 92 77 59 76 78 73 75 74
11 29 32 55 16 46 51 54 6 40 49 48 25 33 35 4 44 43 45 27 36 38 39 53 17 2 15 30 7 8 20 42 23 31 21 22 34 9 12 47 19 84 73 28 1 37 82 80 14 85 24 71 83 89 90 79 94 70 10 5 74 68 52 18 87 41 93 26 57 69 72 99 98 3 60 13 50 67 96 66 97 63 95 81 92 91 61 100 58 88 59 56 62 86 64 78 65 77 76 75
4 12 13 23 21 39 17 47 43 55 9 53 40 37 20 52 35 26 7 42 38 44 31 14 11 51 46 41 24 33 5 16 29 27 28 67 6 34 8 32 30 48 81 49 72 1 2 36 56 68 3 22 10 86 88 19 25 94 71 73 54 66 50 97 15 61 45 18 91 96 64 63 62 100 58 57 99 98 83 90 92 59 65 60 70 95 89 78 93 87 84 80 74 79 69 85 82 75 77 76
46 19 16 53 42 18 22 51 49 29 30 9 44 6 21 12 14 37 26 48 5 4 59 23 35 34 33 24 25 1 11 7 10 32 15 27 17 38 31 45 2 47 3 65 43 13 40 52 71 73 67 36 68 41 86 64 88 89 50 54 57 20 55 58 8 70 62 100 87 60 39 96 92 98 97 28 56 90 74 63 99 61 93 91 95 94 76 69 81 66 72 79 83 85 82 84 75 80 78 77
8 39 38 24 7 26 11 6 47 12 10 1 14 40 52 36 49 46 25 43 27 3 5 30 22 21 37 32 53 2 29 50 31 45 44 16 9 41 28 34 4 51 55 68 75 19 77 74 86 48 59 33 84 70 65 66 87 81 91 58 64 92 17 13 20 56 71 97 95 54 42 83 57 93 18 85 88 35 99 67 15 23 94 63 72 60 100 90 98 62 69 96 61 82 80 89 73 76 79 78
41 31 8 54 51 52 30 53 19 7 21 18 47 22 57 34 37 50 9 60 56 45 12 16 20 29 38 36 2 35 1 3 42 13 24 46 40 44 33 74 70 23 14 15 49 65 81 28 27 11 5 58 43 4 83 25 17 76 92 82 6 69 26 77 86 10 55 89 63 68 94 71 97 99 66 62 95 39 64 32 61 98 96 59 87 48 91 88 100 73 90 67 93 72 84 75 85 78 80 79
44 49 41 25 5 56 23 32 46 43 2 50 20 4 38 19 24 51 34 52 14 30 16 47 42 26 3 28 8 9 33 53 48 40 54 35 45 57 39 22 63 72 10 69 31 27 83 13 11 36 6 68 82 29 21 70 60 55 7 76 17 89 62 67 59 58 12 92 64 75 15 94 66 96 78 100 61 1 97 37 65 95 99 90 18 93 98 87 85 71 77 91 79 88 73 74 86 84 81 80
15 25 9 40 29 45 21 38 34 17 20 52 48 30 47 44 11 12 50 55 31 37 33 51 27 36 7 10 13 14 6 5 8 2 3 24 26 28 46 54 35 80 78 67 19 76 61 64 4 71 53 70 41 32 72 73 63 87 16 77 22 18 1 95 23 62 42 49 88 65 93 68 58 97 57 59 43 99 98 100 66 92 60 86 90 89 96 39 56 94 91 69 85 75 74 83 84 79 82 81
52 26 17 50 18 25 32 41 8 44 39 47 23 2 43 55 46 36 51 4 20 10 3 19 6 24 9 38 49 42 7 37 45 34 30 15 28 21 53 48 31 29 80 27 33 5 79 22 72 74 68 73 70 35 59 78 57 64 13 1 75 11 16 60 56 12 58 71 65 95 91 54 63 94 61 14 62 96 40 98 100 86 67 76 93 99 84 77 90 69 97 85 89 92 88 66 87 81 83 82
26 38 33 29 32 54 28 44 50 45 40 56 49 12 13 57 7 31 16 22 43 2 24 25 34 30 53 42 58 55 15 8 47 5 39 36 14 46 1 11 48 37 19 71 10 3 62 18 9 63 35 74 4 20 23 41 65 21 66 80 72 87 64 89 68 27 73 51 61 90 76 93 67 52 99 98 6 92 60 69 17 75 59 94 96 85 78 95 97 79 100 81 86 70 91 88 77 82 84 83
45 37 15 33 41 28 35 49 30 51 54 5 4 17 24 9 10 39 55 36 19 50 29 21 44 43 59 8 60 53 34 12 14 47 22 42 48 52 32 31 78 27 72 6 26 25 46 71 38 23 40 11 2 76 74 1 67 66 69 7 20 57 56 61 64 79 77 16 18 73 13 3 68 63 96 97 82 94 93 89 62 87 100 99 98 65 70 80 86 90 92 75 95 91 58 81 88 83 85 84
18 17 42 6 40 16 10 20 44 49 28 13 51 36 50 45 32 48 27 39 24 19 53 38 31 37 54 29 56 26 43 22 25 33 11 30 41 74 34 15 23 1 5 12 9 21 8 63 46 35 66 14 47 77 79 57 71 7 82 78 62 75 67 3 61 4 69 58 2 55 60 64 88 73 94 95 72 100 70 99 96 52 68 98 59 97 81 76 92 91 65 90 84 93 89 80 83 87 86 85
12 42 1 38 25 6 15 5 53 30 48 19 10 34 55 54 52 57 32 37 28 39 61 31 23 44 47 33 50 56 46 18 24 11 41 49 7 26 36 67 22 4 20 51 45 14 59 72 79 27 73 76 35 69 9 16 84 17 3 13 2 8 68 71 77 64 63 75 21 70 43 65 40 58 95 66 98 97 91 29 88 94 82 83 74 62 60 81 99 100 78 93 96 80 90 92 89 85 87 86
30 52 55 4 47 50 59 18 2 53 42 20 56 14 54 48 1 40 58 51 45 17 13 44 36 33 35 64 61 16 21 38 62 25 57 41 27 10 43 23 24 34 39 3 22 8 15 19 29 80 7 79 5 26 77 74 73 49 75 31 37 72 69 65 70 46 9 60 68 12 82 32 71 85 91 96 100 6 81 92 28 67 11 89 63 98 97 84 94 99 66 83 76 78 95 93 90 86 88 87
43 30 49 11 53 21 33 45 14 52 15 58 24 23 3 39 6 47 54 56 12 57 46 55 40 1 20 9 51 18 16 64 50 48 25 32 2 42 66 37 73 41 38 31 36 29 13 4 34 8 76 72 7 19 71 28 78 67 26 27 65 61 75 5 80 69 84 81 35 44 10 17 60 22 59 70 68 91 86 74 63 99 98 85 100 87 62 97 96 95 93 92 82 94 83 77 79 90 89 88
40 44 28 13 19 47 39 7 24 25 56 14 21 41 11 53 38 4 2 23 52 6 48 54 45 16 29 18 3 59 35 33 30 49 46 43 36 22 17 51 32 9 42 1 50 20 10 27 31 37 80 60 12 78 8 26 76 82 34 55 67 73 15 68 71 65 70 61 62 77 63 84 75 57 83 81 69 95 5 96 72 58 66 100 91 64 79 86 74 93 85 97 98 99 87 94 92 88 90 89
47 51 46 35 43 30 24 3 45 57 17 16 28 31 12 49 55 61 13 6 48 58 11 56 53 18 32 27 54 21 36 44 26 4 40 38 59 64 42 14 29 10 52 50 41 75 33 73 5 78 34 37 62 80 25 68 1 23 83 65 19 84 2 63 60 71 67 22 39 7 20 72 86 8 74 15 87 85 94 79 76 93 69 70 97 9 88 92 66 96 95 98 77 100 81 82 99 89 91 90
