271 29
8
17
26
35
50
60
73
83
91
109
113
125
134
145
163
176
180
194
207
216
227
235
244
264
268
282
290
298
315
328
339
350
361
367
384
395
407
409
425
437
443
460
470
476
486
504
515
525
533
548
556
571
578
585
603
615
618
635
643
651
665
672
692
697
705
718
729
745
755
769
775
788
802
811
816
836
846
851
863
880
889
898
911
924
927
939
957
960
978
988
998
1007
1019
1027
1045
1052
1059
1069
1082
1100
1108
1121
1128
1134
1152
1160
1177
1183
1190
1207
1211
1222
1236
1254
1264
1272
1283
1293
1303
1314
1323
1342
1353
1361
1371
1376
1395
1403
1413
1426
1434
1446
1455
1469
1477
1486
1507
1508
1521
1538
1550
1553
1563
1579
1585
1601
1610
1628
1639
1640
1656
1672
1677
1690
1695
1710
1717
1737
1739
1752
1763
1780
1793
1796
1810
1825
1832
1842
1855
1868
1871
1887
1901
1908
1916
1933
1938
1954
1964
1975
1982
1997
2004
2016
2033
2038
2056
2058
2074
2081
2099
2103
2113
2131
2137
2154
2161
2171
2187
2195
2205
2212
2226
2236
2252
2264
2267
2278
2290
2302
2317
2323
2340
2347
2355
2367
2377
2396
2409
2417
2426
2437
2453
2458
2465
2486
2493
2505
2512
2528
2534
2544
2563
2569
2585
2589
2602
2617
2627
2633
2650
2654
2670
2683
2690
2703
2710
2718
2730
2741
2760
2767
2780
2785
2805
2812
2819
2838
2848
2851
2864
2876
2893
2894
2911
2916
2933
2948
2949
2970
2973
