199
-642 289  
130 679  
108 -50  
76 -228  
78 -289  
-454 87  
-645 -8  
-27 855  
845 16  
-389 162  
-328 -340  
88 417  
317 498  
719 933  
-993 -352  
-527 274  
155 -69  
-328 186  
-891 -459  
-20 -982  
50 -909  
955 -714  
986 -474  
929 308  
151 277  
40 988  
-614 -847  
540 -134  
738 -953  
263 -130  
379 -387  
-569 287  
-515 -94  
876 304  
631 498  
-869 906  
-845 137  
-390 664  
-524 523  
-534 797  
-939 524  
-789 353  
-633 165  
25 52  
160 156  
-26 712  
810 705  
-596 -859  
99 -941  
-705 -164  
364 615  
-502 930  
-926 854  
-100 -616  
821 790  
-564 -134  
-162 164  
-209 -210  
-878 575  
-155 -257  
-301 0  
79 -986  
156 -949  
-456 -926  
864 831  
884 932  
977 575  
927 -453  
-48 -440  
294 392  
584 -2  
-551 -744  
51 -861  
-144 -633  
826 -409  
326 539  
-876 10  
-677 -950  
536 84  
-524 -72  
-857 -870  
428 660  
-510 832  
-358 -79  
773 766  
-358 -270  
-722 554  
169 -689  
951 -202  
858 -365  
691 631  
41 368  
-773 744  
-9 735  
-299 -596  
-506 -141  
-828 215  
905 608  
655 481  
808 -43  
-269 -957  
-489 23  
-261 475  
-150 808  
-154 774  
-446 839  
348 186  
285 -13  
200 -242  
418 -452  
414 -336  
727 43  
425 562  
246 418  
325 136  
354 854  
611 906  
916 385  
499 266  
861 822  
475 856  
317 795  
218 709  
-406 -160  
12 -512  
-168 -658  
-181 -562  
-855 872  
-2 743  
-56 726  
833 802  
-671 901  
-841 679  
-918 -275  
-839 -209  
-971 874  
-617 868  
880 -959  
889 -522  
858 -877  
782 -877  
176 -996  
824 101  
954 -735  
982 -699  
-260 950  
364 752  
-858 647  
-538 381  
-777 -82  
-222 -848  
-479 -683  
300 -458  
265 -389  
488 -520  
-299 -396  
-847 477  
-545 513  
-533 702  
-113 737  
834 629  
724 904  
334 401  
-143 -588  
315 -409  
294 -406  
223 -436  
97 -586  
509 -607  
-460 -425  
60 279  
305 -148  
672 -135  
839 -409  
303 836  
-360 914  
-241 832  
-700 -436  
759 -816  
-266 -310  
-397 -698  
5 -482  
-434 225  
-680 123  
-775 596  
692 -563  
941 896  
-230 846  
155 -18  
316 221  
-236 -476  
-850 -766  
-921 -383  
-850 -213  
-364 426  
609 -751  
676 -62  
691 -904  
-547 -805